Performing C SOURCE FILE Test CMAKE_HAVE_LIBC_PTHREAD failed with the following output:
Change Dir: /home/weiziquan/WSI_analysis/release_yolco/torch_cpp/build/CMakeFiles/CMakeTmp

Run Build Command(s):/usr/bin/ninja cmTC_5308f && [1/2] Building C object CMakeFiles/cmTC_5308f.dir/src.c.o
[2/2] Linking C executable cmTC_5308f
FAILED: cmTC_5308f 
: && /bin/x86_64-linux-gnu-gcc-10 -DCMAKE_HAVE_LIBC_PTHREAD -rdynamic CMakeFiles/cmTC_5308f.dir/src.c.o -o cmTC_5308f   && :
/usr/bin/ld: CMakeFiles/cmTC_5308f.dir/src.c.o: in function `main':
src.c:(.text+0x46): undefined reference to `pthread_create'
/usr/bin/ld: src.c:(.text+0x52): undefined reference to `pthread_detach'
/usr/bin/ld: src.c:(.text+0x5e): undefined reference to `pthread_cancel'
/usr/bin/ld: src.c:(.text+0x6f): undefined reference to `pthread_join'
collect2: error: ld returned 1 exit status
ninja: build stopped: subcommand failed.


Source file was:
#include <pthread.h>

void* test_func(void* data)
{
  return data;
}

int main(void)
{
  pthread_t thread;
  pthread_create(&thread, NULL, test_func, NULL);
  pthread_detach(thread);
  pthread_cancel(thread);
  pthread_join(thread, NULL);
  pthread_atfork(NULL, NULL, NULL);
  pthread_exit(NULL);

  return 0;
}

Determining if the function pthread_create exists in the pthreads failed with the following output:
Change Dir: /home/weiziquan/WSI_analysis/release_yolco/torch_cpp/build/CMakeFiles/CMakeTmp

Run Build Command(s):/usr/bin/ninja cmTC_8f308 && [1/2] Building C object CMakeFiles/cmTC_8f308.dir/CheckFunctionExists.c.o
[2/2] Linking C executable cmTC_8f308
FAILED: cmTC_8f308 
: && /bin/x86_64-linux-gnu-gcc-10 -DCHECK_FUNCTION_EXISTS=pthread_create -rdynamic CMakeFiles/cmTC_8f308.dir/CheckFunctionExists.c.o -o cmTC_8f308  -lpthreads && :
/usr/bin/ld: cannot find -lpthreads
collect2: error: ld returned 1 exit status
ninja: build stopped: subcommand failed.



